Workdir for this run: /work/pschmitt/427019/wd
INFO:    gocryptfs not found, will not be able to use gocryptfs
Requirement already satisfied: pip in /work/pschmitt/427019/wd/oggm_env/lib/python3.10/site-packages (22.3.1)
Collecting pip
  Downloading pip-24.0-py3-none-any.whl (2.1 MB)
     ━━━━━━━━━━━━━━━━━━━━━━━━━━━━━━━━━━━━━━━━ 2.1/2.1 MB 22.3 MB/s eta 0:00:00
Requirement already satisfied: setuptools in /work/pschmitt/427019/wd/oggm_env/lib/python3.10/site-packages (65.5.0)
Collecting setuptools
  Downloading setuptools-69.2.0-py3-none-any.whl (821 kB)
     ━━━━━━━━━━━━━━━━━━━━━━━━━━━━━━━━━━━━━━━━ 821.5/821.5 kB 115.4 MB/s eta 0:00:00
Installing collected packages: setuptools, pip
  Attempting uninstall: setuptools
    Found existing installation: setuptools 65.5.0
    Uninstalling setuptools-65.5.0:
      Successfully uninstalled setuptools-65.5.0
  Attempting uninstall: pip
    Found existing installation: pip 22.3.1
    Uninstalling pip-22.3.1:
      Successfully uninstalled pip-22.3.1
Successfully installed pip-24.0 setuptools-69.2.0
Collecting git+https://github.com/OGGM/oggm.git@7665516f3f15a6fdec0aab1d3fe180fef99dfae8
  Cloning https://github.com/OGGM/oggm.git (to revision 7665516f3f15a6fdec0aab1d3fe180fef99dfae8) to /tmp/pip-req-build-srhanqgd
  Running command git clone --filter=blob:none --quiet https://github.com/OGGM/oggm.git /tmp/pip-req-build-srhanqgd
  Running command git rev-parse -q --verify 'sha^7665516f3f15a6fdec0aab1d3fe180fef99dfae8'
  Running command git fetch -q https://github.com/OGGM/oggm.git 7665516f3f15a6fdec0aab1d3fe180fef99dfae8
  Running command git checkout -q 7665516f3f15a6fdec0aab1d3fe180fef99dfae8
  Resolved https://github.com/OGGM/oggm.git to commit 7665516f3f15a6fdec0aab1d3fe180fef99dfae8
  Installing build dependencies: started
  Installing build dependencies: finished with status 'done'
  Getting requirements to build wheel: started
  Getting requirements to build wheel: finished with status 'done'
  Preparing metadata (pyproject.toml): started
  Preparing metadata (pyproject.toml): finished with status 'done'
Building wheels for collected packages: oggm
  Building wheel for oggm (pyproject.toml): started
  Building wheel for oggm (pyproject.toml): finished with status 'done'
  Created wheel for oggm: filename=oggm-1.6.1-py2.py3-none-any.whl size=418751 sha256=0062ad908de2bcb7eec06a9313696b758ac056a2526d615742440dc6d8ccc7f9
  Stored in directory: /work/pschmitt/427019/wd/fake_home/.cache/pip/wheels/34/1d/ab/3b8123ffd96cbe5179217ab4bd5055b3327663b7b4a2708ba0
Successfully built oggm
Installing collected packages: oggm
  Attempting uninstall: oggm
    Found existing installation: oggm 1.5.4.dev72+gb0066d2
    Not uninstalling oggm at /usr/local/pyenv/versions/3.10.9/lib/python3.10/site-packages, outside environment /work/pschmitt/427019/wd/oggm_env
    Can't uninstall 'oggm'. No files were found to uninstall.
Successfully installed oggm-1.6.1
Downloading salem-sample-data...
Starting country number 1 of 251.
Finished country number 1 of 251.
Starting country number 2 of 251.
Finished country number 2 of 251.
Starting country number 3 of 251.
Finished country number 3 of 251.
Starting country number 4 of 251.
Finished country number 4 of 251.
Starting country number 5 of 251.
Finished country number 5 of 251.
Starting country number 6 of 251.
Finished country number 6 of 251.
Starting country number 7 of 251.
Finished country number 7 of 251.
Starting country number 8 of 251.
Finished country number 8 of 251.
Starting country number 9 of 251.
Finished country number 9 of 251.
Starting country number 10 of 251.
Finished country number 10 of 251.
Starting country number 11 of 251.
Finished country number 11 of 251.
Starting country number 12 of 251.
Finished country number 12 of 251.
Starting country number 13 of 251.
Finished country number 13 of 251.
Starting country number 14 of 251.
Finished country number 14 of 251.
Starting country number 15 of 251.
Finished country number 15 of 251.
Starting country number 16 of 251.
Finished country number 16 of 251.
Starting country number 17 of 251.
Finished country number 17 of 251.
Starting country number 18 of 251.
Finished country number 18 of 251.
Starting country number 19 of 251.
Finished country number 19 of 251.
Starting country number 20 of 251.
Finished country number 20 of 251.
Starting country number 21 of 251.
Finished country number 21 of 251.
Starting country number 22 of 251.
Finished country number 22 of 251.
Starting country number 23 of 251.
Finished country number 23 of 251.
Starting country number 24 of 251.
Finished country number 24 of 251.
Starting country number 25 of 251.
Finished country number 25 of 251.
Starting country number 26 of 251.
Finished country number 26 of 251.
Starting country number 27 of 251.
Finished country number 27 of 251.
Starting country number 28 of 251.
Finished country number 28 of 251.
Starting country number 29 of 251.
Finished country number 29 of 251.
Starting country number 30 of 251.
Finished country number 30 of 251.
Starting country number 31 of 251.
Finished country number 31 of 251.
Starting country number 32 of 251.
Finished country number 32 of 251.
Starting country number 33 of 251.
Finished country number 33 of 251.
Starting country number 34 of 251.
Finished country number 34 of 251.
Starting country number 35 of 251.
Finished country number 35 of 251.
Starting country number 36 of 251.
Finished country number 36 of 251.
Starting country number 37 of 251.
Finished country number 37 of 251.
Starting country number 38 of 251.
Finished country number 38 of 251.
Starting country number 39 of 251.
Finished country number 39 of 251.
Starting country number 40 of 251.
Finished country number 40 of 251.
Starting country number 41 of 251.
Finished country number 41 of 251.
Starting country number 42 of 251.
Finished country number 42 of 251.
Starting country number 43 of 251.
Finished country number 43 of 251.
Starting country number 44 of 251.
Finished country number 44 of 251.
Starting country number 45 of 251.
Finished country number 45 of 251.
Starting country number 46 of 251.
Finished country number 46 of 251.
Starting country number 47 of 251.
Finished country number 47 of 251.
Starting country number 48 of 251.
Finished country number 48 of 251.
Starting country number 49 of 251.
Finished country number 49 of 251.
Starting country number 50 of 251.
Finished country number 50 of 251.
Starting country number 51 of 251.
Finished country number 51 of 251.
Starting country number 52 of 251.
Finished country number 52 of 251.
Starting country number 53 of 251.
Finished country number 53 of 251.
Starting country number 54 of 251.
Finished country number 54 of 251.
Starting country number 55 of 251.
Finished country number 55 of 251.
Starting country number 56 of 251.
Finished country number 56 of 251.
Starting country number 57 of 251.
Finished country number 57 of 251.
Starting country number 58 of 251.
Finished country number 58 of 251.
Starting country number 59 of 251.
Finished country number 59 of 251.
Starting country number 60 of 251.
Finished country number 60 of 251.
Starting country number 61 of 251.
Finished country number 61 of 251.
Starting country number 62 of 251.
Finished country number 62 of 251.
Starting country number 63 of 251.
Finished country number 63 of 251.
Starting country number 64 of 251.
Finished country number 64 of 251.
Starting country number 65 of 251.
Finished country number 65 of 251.
Starting country number 66 of 251.
Finished country number 66 of 251.
Starting country number 67 of 251.
Finished country number 67 of 251.
Starting country number 68 of 251.
Finished country number 68 of 251.
Starting country number 69 of 251.
Finished country number 69 of 251.
Starting country number 70 of 251.
Finished country number 70 of 251.
Starting country number 71 of 251.
Finished country number 71 of 251.
Starting country number 72 of 251.
Finished country number 72 of 251.
Starting country number 73 of 251.
Finished country number 73 of 251.
Starting country number 74 of 251.
Finished country number 74 of 251.
Starting country number 75 of 251.
Finished country number 75 of 251.
Starting country number 76 of 251.
Finished country number 76 of 251.
Starting country number 77 of 251.
Finished country number 77 of 251.
Starting country number 78 of 251.
Finished country number 78 of 251.
Starting country number 79 of 251.
Finished country number 79 of 251.
Starting country number 80 of 251.
Finished country number 80 of 251.
Starting country number 81 of 251.
Finished country number 81 of 251.
Starting country number 82 of 251.
Finished country number 82 of 251.
Starting country number 83 of 251.
Finished country number 83 of 251.
Starting country number 84 of 251.
Finished country number 84 of 251.
Starting country number 85 of 251.
Finished country number 85 of 251.
Starting country number 86 of 251.
Finished country number 86 of 251.
Starting country number 87 of 251.
Finished country number 87 of 251.
Starting country number 88 of 251.
Finished country number 88 of 251.
Starting country number 89 of 251.
Finished country number 89 of 251.
Starting country number 90 of 251.
Finished country number 90 of 251.
Starting country number 91 of 251.
Finished country number 91 of 251.
Starting country number 92 of 251.
Finished country number 92 of 251.
Starting country number 93 of 251.
Finished country number 93 of 251.
Starting country number 94 of 251.
Finished country number 94 of 251.
Starting country number 95 of 251.
Finished country number 95 of 251.
Starting country number 96 of 251.
Finished country number 96 of 251.
Starting country number 97 of 251.
Finished country number 97 of 251.
Starting country number 98 of 251.
Finished country number 98 of 251.
Starting country number 99 of 251.
Finished country number 99 of 251.
Starting country number 100 of 251.
Finished country number 100 of 251.
Starting country number 101 of 251.
Finished country number 101 of 251.
Starting country number 102 of 251.
Finished country number 102 of 251.
Starting country number 103 of 251.
Finished country number 103 of 251.
Starting country number 104 of 251.
Finished country number 104 of 251.
Starting country number 105 of 251.
Finished country number 105 of 251.
Starting country number 106 of 251.
Finished country number 106 of 251.
Starting country number 107 of 251.
Finished country number 107 of 251.
Starting country number 108 of 251.
Finished country number 108 of 251.
Starting country number 109 of 251.
Finished country number 109 of 251.
Starting country number 110 of 251.
Finished country number 110 of 251.
Starting country number 111 of 251.
Finished country number 111 of 251.
Starting country number 112 of 251.
Finished country number 112 of 251.
Starting country number 113 of 251.
Finished country number 113 of 251.
Starting country number 114 of 251.
Finished country number 114 of 251.
Starting country number 115 of 251.
Finished country number 115 of 251.
Starting country number 116 of 251.
Finished country number 116 of 251.
Starting country number 117 of 251.
Finished country number 117 of 251.
Starting country number 118 of 251.
Finished country number 118 of 251.
Starting country number 119 of 251.
Finished country number 119 of 251.
Starting country number 120 of 251.
Finished country number 120 of 251.
Starting country number 121 of 251.
Finished country number 121 of 251.
Starting country number 122 of 251.
Finished country number 122 of 251.
Starting country number 123 of 251.
Finished country number 123 of 251.
Starting country number 124 of 251.
Finished country number 124 of 251.
Starting country number 125 of 251.
Finished country number 125 of 251.
Starting country number 126 of 251.
Finished country number 126 of 251.
Starting country number 127 of 251.
Finished country number 127 of 251.
Starting country number 128 of 251.
Finished country number 128 of 251.
Starting country number 129 of 251.
Finished country number 129 of 251.
Starting country number 130 of 251.
Finished country number 130 of 251.
Starting country number 131 of 251.
Finished country number 131 of 251.
Starting country number 132 of 251.
Finished country number 132 of 251.
Starting country number 133 of 251.
Finished country number 133 of 251.
Starting country number 134 of 251.
Finished country number 134 of 251.
Starting country number 135 of 251.
Finished country number 135 of 251.
Starting country number 136 of 251.
Finished country number 136 of 251.
Starting country number 137 of 251.
Finished country number 137 of 251.
Starting country number 138 of 251.
Finished country number 138 of 251.
Starting country number 139 of 251.
Finished country number 139 of 251.
Starting country number 140 of 251.
Finished country number 140 of 251.
Starting country number 141 of 251.
Finished country number 141 of 251.
Starting country number 142 of 251.
Finished country number 142 of 251.
Starting country number 143 of 251.
Finished country number 143 of 251.
Starting country number 144 of 251.
Finished country number 144 of 251.
Starting country number 145 of 251.
Finished country number 145 of 251.
Starting country number 146 of 251.
/home/www/pschmitt/provide/aggregate_data/github/provide/aggregation_tools/aggregation_preprocessing.py:284: RuntimeWarning: More than 20 figures have been opened. Figures created through the pyplot interface (`matplotlib.pyplot.figure`) are retained until explicitly closed and may consume too much memory. (To control this warning, see the rcParam `figure.max_open_warning`). Consider using `matplotlib.pyplot.close()`.
  fig, ax = plt.subplots(1, 1, figsize=(15, 6))
Finished country number 146 of 251.
Starting country number 147 of 251.
Finished country number 147 of 251.
Starting country number 148 of 251.
Finished country number 148 of 251.
Starting country number 149 of 251.
Finished country number 149 of 251.
Starting country number 150 of 251.
Finished country number 150 of 251.
Starting country number 151 of 251.
Finished country number 151 of 251.
Starting country number 152 of 251.
Finished country number 152 of 251.
Starting country number 153 of 251.
Finished country number 153 of 251.
Starting country number 154 of 251.
Finished country number 154 of 251.
Starting country number 155 of 251.
Finished country number 155 of 251.
Starting country number 156 of 251.
Finished country number 156 of 251.
Starting country number 157 of 251.
Finished country number 157 of 251.
Starting country number 158 of 251.
Finished country number 158 of 251.
Starting country number 159 of 251.
Finished country number 159 of 251.
Starting country number 160 of 251.
Finished country number 160 of 251.
Starting country number 161 of 251.
Finished country number 161 of 251.
Starting country number 162 of 251.
Finished country number 162 of 251.
Starting country number 163 of 251.
Finished country number 163 of 251.
Starting country number 164 of 251.
Finished country number 164 of 251.
Starting country number 165 of 251.
Finished country number 165 of 251.
Starting country number 166 of 251.
Finished country number 166 of 251.
Starting country number 167 of 251.
Finished country number 167 of 251.
Starting country number 168 of 251.
Finished country number 168 of 251.
Starting country number 169 of 251.
Finished country number 169 of 251.
Starting country number 170 of 251.
Finished country number 170 of 251.
Starting country number 171 of 251.
Finished country number 171 of 251.
Starting country number 172 of 251.
Finished country number 172 of 251.
Starting country number 173 of 251.
Finished country number 173 of 251.
Starting country number 174 of 251.
Finished country number 174 of 251.
Starting country number 175 of 251.
Finished country number 175 of 251.
Starting country number 176 of 251.
Finished country number 176 of 251.
Starting country number 177 of 251.
Finished country number 177 of 251.
Starting country number 178 of 251.
Finished country number 178 of 251.
Starting country number 179 of 251.
Finished country number 179 of 251.
Starting country number 180 of 251.
Finished country number 180 of 251.
Starting country number 181 of 251.
Finished country number 181 of 251.
Starting country number 182 of 251.
Finished country number 182 of 251.
Starting country number 183 of 251.
Finished country number 183 of 251.
Starting country number 184 of 251.
Finished country number 184 of 251.
Starting country number 185 of 251.
Finished country number 185 of 251.
Starting country number 186 of 251.
Finished country number 186 of 251.
Starting country number 187 of 251.
Finished country number 187 of 251.
Starting country number 188 of 251.
Finished country number 188 of 251.
Starting country number 189 of 251.
Finished country number 189 of 251.
Starting country number 190 of 251.
Finished country number 190 of 251.
Starting country number 191 of 251.
Finished country number 191 of 251.
Starting country number 192 of 251.
Finished country number 192 of 251.
Starting country number 193 of 251.
Finished country number 193 of 251.
Starting country number 194 of 251.
Finished country number 194 of 251.
Starting country number 195 of 251.
Finished country number 195 of 251.
Starting country number 196 of 251.
Finished country number 196 of 251.
Starting country number 197 of 251.
Finished country number 197 of 251.
Starting country number 198 of 251.
Finished country number 198 of 251.
Starting country number 199 of 251.
Finished country number 199 of 251.
Starting country number 200 of 251.
Finished country number 200 of 251.
Starting country number 201 of 251.
Finished country number 201 of 251.
Starting country number 202 of 251.
Finished country number 202 of 251.
Starting country number 203 of 251.
Finished country number 203 of 251.
Starting country number 204 of 251.
Finished country number 204 of 251.
Starting country number 205 of 251.
Finished country number 205 of 251.
Starting country number 206 of 251.
Finished country number 206 of 251.
Starting country number 207 of 251.
Finished country number 207 of 251.
Starting country number 208 of 251.
/home/www/pschmitt/provide/aggregate_data/github/provide/aggregation_tools/aggregation_preprocessing.py:236: FutureWarning: Not prepending group keys to the result index of transform-like apply. In the future, the group keys will be included in the index, regardless of whether the applied function returns a like-indexed object.
To preserve the previous behavior, use

	>>> .groupby(..., group_keys=False)

To adopt the future behavior and silence this warning, use 

	>>> .groupby(..., group_keys=True)
  rgi_ids_per_grid_point = rgi_ids_per_grid_point.groupby(['j', 'i']).apply(
Finished country number 208 of 251.
Starting country number 209 of 251.
Finished country number 209 of 251.
Starting country number 210 of 251.
Finished country number 210 of 251.
Starting country number 211 of 251.
Finished country number 211 of 251.
Starting country number 212 of 251.
Finished country number 212 of 251.
Starting country number 213 of 251.
Finished country number 213 of 251.
Starting country number 214 of 251.
Finished country number 214 of 251.
Starting country number 215 of 251.
Finished country number 215 of 251.
Starting country number 216 of 251.
Finished country number 216 of 251.
Starting country number 217 of 251.
Finished country number 217 of 251.
Starting country number 218 of 251.
Finished country number 218 of 251.
Starting country number 219 of 251.
Finished country number 219 of 251.
Starting country number 220 of 251.
Finished country number 220 of 251.
Starting country number 221 of 251.
Finished country number 221 of 251.
Starting country number 222 of 251.
Finished country number 222 of 251.
Starting country number 223 of 251.
Finished country number 223 of 251.
Starting country number 224 of 251.
Finished country number 224 of 251.
Starting country number 225 of 251.
Finished country number 225 of 251.
Starting country number 226 of 251.
Finished country number 226 of 251.
Starting country number 227 of 251.
Finished country number 227 of 251.
Starting country number 228 of 251.
Finished country number 228 of 251.
Starting country number 229 of 251.
Finished country number 229 of 251.
Starting country number 230 of 251.
Finished country number 230 of 251.
Starting country number 231 of 251.
Finished country number 231 of 251.
Starting country number 232 of 251.
Finished country number 232 of 251.
Starting country number 233 of 251.
Finished country number 233 of 251.
Starting country number 234 of 251.
Finished country number 234 of 251.
Starting country number 235 of 251.
Finished country number 235 of 251.
Starting country number 236 of 251.
Finished country number 236 of 251.
Starting country number 237 of 251.
Finished country number 237 of 251.
Starting country number 238 of 251.
Finished country number 238 of 251.
Starting country number 239 of 251.
Finished country number 239 of 251.
Starting country number 240 of 251.
Finished country number 240 of 251.
Starting country number 241 of 251.
Finished country number 241 of 251.
Starting country number 242 of 251.
Finished country number 242 of 251.
Starting country number 243 of 251.
Finished country number 243 of 251.
Starting country number 244 of 251.
Finished country number 244 of 251.
Starting country number 245 of 251.
Finished country number 245 of 251.
Starting country number 246 of 251.
Finished country number 246 of 251.
Starting country number 247 of 251.
Finished country number 247 of 251.
Starting country number 248 of 251.
Finished country number 248 of 251.
Starting country number 249 of 251.
Finished country number 249 of 251.
Starting country number 250 of 251.
Finished country number 250 of 251.
Starting country number 251 of 251.
Finished country number 251 of 251.
Time needed for 2.5°: 182.9 s


SLURM DONE
